0 info it worked if it ends with ok
1 verbose cli [ 'C:\\Program Files\\nodejs\\node.exe',
1 verbose cli   'C:\\Program Files\\nodejs\\node_modules\\npm\\bin\\npm-cli.js',
1 verbose cli   'publish' ]
2 info using npm@3.10.8
3 info using node@v7.0.0
4 verbose publish [ '.' ]
5 silly cache add args [ '.', null ]
6 verbose cache add spec .
7 silly cache add parsed spec Result {
7 silly cache add   raw: '.',
7 silly cache add   scope: null,
7 silly cache add   escapedName: null,
7 silly cache add   name: null,
7 silly cache add   rawSpec: '.',
7 silly cache add   spec: 'C:\\myapp',
7 silly cache add   type: 'directory' }
8 verbose addLocalDirectory C:\Users\Administrator.USER-20160921QS\AppData\Roaming\npm-cache\myapp\0.1.1\package.tgz not in flight; packing
9 verbose correctMkdir C:\Users\Administrator.USER-20160921QS\AppData\Roaming\npm-cache correctMkdir not in flight; initializing
10 info lifecycle myapp@0.1.1~prepublish: myapp@0.1.1
11 silly lifecycle myapp@0.1.1~prepublish: no script for prepublish, continuing
12 verbose tar pack [ 'C:\\Users\\Administrator.USER-20160921QS\\AppData\\Roaming\\npm-cache\\myapp\\0.1.1\\package.tgz',
12 verbose tar pack   'C:\\myapp' ]
13 verbose tarball C:\Users\Administrator.USER-20160921QS\AppData\Roaming\npm-cache\myapp\0.1.1\package.tgz
14 verbose folder C:\myapp
15 verbose addLocalTarball adding from inside cache C:\Users\Administrator.USER-20160921QS\AppData\Roaming\npm-cache\myapp\0.1.1\package.tgz
16 verbose correctMkdir C:\Users\Administrator.USER-20160921QS\AppData\Roaming\npm-cache correctMkdir not in flight; initializing
17 silly cache afterAdd myapp@0.1.1
18 verbose afterAdd C:\Users\Administrator.USER-20160921QS\AppData\Roaming\npm-cache\myapp\0.1.1\package\package.json not in flight; writing
19 verbose correctMkdir C:\Users\Administrator.USER-20160921QS\AppData\Roaming\npm-cache correctMkdir not in flight; initializing
20 verbose afterAdd C:\Users\Administrator.USER-20160921QS\AppData\Roaming\npm-cache\myapp\0.1.1\package\package.json written
21 silly publish { author: { name: 'cxckjh' },
21 silly publish   name: 'myapp',
21 silly publish   version: '0.1.1',
21 silly publish   description: '审查文档中的敏感关键词',
21 silly publish   main: 'main',
21 silly publish   repository: { type: 'git', url: 'git+https://github.com/cxckjh/baiyu.git' },
21 silly publish   keywords: [ 'censor', 'words' ],
21 silly publish   dependencies: {},
21 silly publish   engines: { node: '*' },
21 silly publish   readme: 'hello',
21 silly publish   readmeFilename: 'readme.md',
21 silly publish   gitHead: '34f84c10607e6ad0cf9b3468090c8778ce1b6773',
21 silly publish   bugs: { url: 'https://github.com/cxckjh/baiyu/issues' },
21 silly publish   homepage: 'https://github.com/cxckjh/baiyu#readme',
21 silly publish   _id: 'myapp@0.1.1',
21 silly publish   scripts: {},
21 silly publish   _shasum: '895c2f6fc2a1f46fa88a04b76b6e5d31214eef27',
21 silly publish   _from: '.' }
22 verbose getPublishConfig undefined
23 silly mapToRegistry name myapp
24 silly mapToRegistry using default registry
25 silly mapToRegistry registry https://registry.npmjs.org/
26 silly mapToRegistry data Result {
26 silly mapToRegistry   raw: 'myapp',
26 silly mapToRegistry   scope: null,
26 silly mapToRegistry   escapedName: 'myapp',
26 silly mapToRegistry   name: 'myapp',
26 silly mapToRegistry   rawSpec: '',
26 silly mapToRegistry   spec: 'latest',
26 silly mapToRegistry   type: 'tag' }
27 silly mapToRegistry uri https://registry.npmjs.org/myapp
28 verbose publish registryBase https://registry.npmjs.org/
29 silly publish uploading C:\Users\Administrator.USER-20160921QS\AppData\Roaming\npm-cache\myapp\0.1.1\package.tgz
30 verbose request uri https://registry.npmjs.org/myapp
31 verbose request sending authorization for write operation
32 info attempt registry request try #1 at 20:31:00
33 verbose request using bearer token for auth
34 verbose request id 39a4600403177bdf
35 http request PUT https://registry.npmjs.org/myapp
36 http 403 https://registry.npmjs.org/myapp
37 verbose headers { 'content-type': 'application/json',
37 verbose headers   'cache-control': 'max-age=300',
37 verbose headers   'content-length': '99',
37 verbose headers   'accept-ranges': 'bytes',
37 verbose headers   date: 'Wed, 02 Nov 2016 12:31:42 GMT',
37 verbose headers   via: '1.1 varnish',
37 verbose headers   connection: 'keep-alive',
37 verbose headers   'x-served-by': 'cache-lcy1142-LCY',
37 verbose headers   'x-cache': 'MISS',
37 verbose headers   'x-cache-hits': '0',
37 verbose headers   'x-timer': 'S1478089901.461729,VS0,VE635',
37 verbose headers   vary: 'Accept-Encoding' }
38 verbose request invalidating C:\Users\Administrator.USER-20160921QS\AppData\Roaming\npm-cache\registry.npmjs.org\myapp on PUT
39 error publish Failed PUT 403
40 verbose stack Error: you do not have permission to publish "myapp". Are you logged in as the correct user? : myapp
40 verbose stack     at makeError (C:\Program Files\nodejs\node_modules\npm\node_modules\npm-registry-client\lib\request.js:302:12)
40 verbose stack     at CachingRegistryClient.<anonymous> (C:\Program Files\nodejs\node_modules\npm\node_modules\npm-registry-client\lib\request.js:290:14)
40 verbose stack     at Request._callback (C:\Program Files\nodejs\node_modules\npm\node_modules\npm-registry-client\lib\request.js:210:14)
40 verbose stack     at Request.self.callback (C:\Program Files\nodejs\node_modules\npm\node_modules\request\request.js:187:22)
40 verbose stack     at emitTwo (events.js:106:13)
40 verbose stack     at Request.emit (events.js:191:7)
40 verbose stack     at Request.<anonymous> (C:\Program Files\nodejs\node_modules\npm\node_modules\request\request.js:1044:10)
40 verbose stack     at emitOne (events.js:96:13)
40 verbose stack     at Request.emit (events.js:188:7)
40 verbose stack     at IncomingMessage.<anonymous> (C:\Program Files\nodejs\node_modules\npm\node_modules\request\request.js:965:12)
41 verbose statusCode 403
42 verbose pkgid myapp
43 verbose cwd C:\myapp
44 error Windows_NT 6.1.7601
45 error argv "C:\\Program Files\\nodejs\\node.exe" "C:\\Program Files\\nodejs\\node_modules\\npm\\bin\\npm-cli.js" "publish"
46 error node v7.0.0
47 error npm  v3.10.8
48 error code E403
49 error you do not have permission to publish "myapp". Are you logged in as the correct user? : myapp
50 error If you need help, you may report this error at:
50 error     <https://github.com/npm/npm/issues>
51 verbose exit [ 1, true ]
